<?xml version="1.0" encoding="UTF-8"?>
<!-- Generated by org.testng.reporters.JUnitReportReporter -->
<testsuite hostname="Shivu" failures="0" tests="2" name="Vtiger.Organization.TestScripts.CreateOrganizationWithDDTTest" time="75.607" errors="0" timestamp="2023-01-11T16:57:21 IST" skipped="0">
  <testcase classname="Vtiger.Organization.TestScripts.CreateOrganizationWithDDTTest" name="test2" time="17.884"/>
  <system-out/>
  <testcase classname="Vtiger.Organization.TestScripts.CreateOrganizationWithDDTTest" name="CreateOrganizationWithDDTTest" time="57.723"/>
  <system-out/>
</testsuite> <!-- Vtiger.Organization.TestScripts.CreateOrganizationWithDDTTest -->
