<?xml version="1.0" encoding="UTF-8"?>
<!-- Generated by org.testng.reporters.JUnitReportReporter -->
<testsuite hostname="Shivu" failures="0" tests="1" name="Vtiger.Practice.ReadDataFromMavenCommandLine" time="0.025" errors="0" timestamp="2023-01-16T17:28:00 IST" skipped="0">
  <testcase classname="Vtiger.Practice.ReadDataFromMavenCommandLine" name="ReadData" time="0.025"/>
  <system-out/>
</testsuite> <!-- Vtiger.Practice.ReadDataFromMavenCommandLine -->
