<?xml version="1.0" encoding="UTF-8"?>
<!-- Generated by org.testng.reporters.JUnitReportReporter -->
<testsuite hostname="Shivu" failures="0" tests="5" name="Vtiger.Practice.CreateOrganizationWithIndustryDataProvider" time="305.434" errors="0" timestamp="2023-01-03T14:33:04 IST" skipped="0">
  <testcase classname="Vtiger.Practice.CreateOrganizationWithIndustryDataProvider" name="createOrganizationTest" time="53.989"/>
  <system-out/>
  <testcase classname="Vtiger.Practice.CreateOrganizationWithIndustryDataProvider" name="createOrganizationTest" time="69.271"/>
  <system-out/>
  <testcase classname="Vtiger.Practice.CreateOrganizationWithIndustryDataProvider" name="createOrganizationTest" time="59.857"/>
  <system-out/>
  <testcase classname="Vtiger.Practice.CreateOrganizationWithIndustryDataProvider" name="createOrganizationTest" time="65.203"/>
  <system-out/>
  <testcase classname="Vtiger.Practice.CreateOrganizationWithIndustryDataProvider" name="createOrganizationTest" time="57.114"/>
  <system-out/>
</testsuite> <!-- Vtiger.Practice.CreateOrganizationWithIndustryDataProvider -->
