<?xml version="1.0" encoding="UTF-8"?>
<!-- Generated by org.testng.reporters.JUnitReportReporter -->
<testsuite hostname="Shivu" failures="0" tests="1" name="Vtiger.Contact.TestScripts.CreateContactWithDDTTest" time="75.709" errors="0" timestamp="2023-01-06T20:17:13 IST" skipped="0">
  <testcase classname="Vtiger.Contact.TestScripts.CreateContactWithDDTTest" name="CreateContactWithDDTTest" time="75.709"/>
  <system-out/>
</testsuite> <!-- Vtiger.Contact.TestScripts.CreateContactWithDDTTest -->
