<?xml version="1.0" encoding="UTF-8"?>
<!-- Generated by org.testng.reporters.JUnitReportReporter -->
<testsuite hostname="Shivu" failures="0" tests="2" name="Vtiger.Practice.DataProviderPractice" time="0.045" errors="0" timestamp="2023-01-03T13:46:50 IST" skipped="0">
  <testcase classname="Vtiger.Practice.DataProviderPractice" name="addProduct" time="0.016"/>
  <system-out/>
  <testcase classname="Vtiger.Practice.DataProviderPractice" name="addProduct" time="0.029"/>
  <system-out/>
</testsuite> <!-- Vtiger.Practice.DataProviderPractice -->
