<?xml version="1.0" encoding="UTF-8"?>
<!-- Generated by org.testng.reporters.JUnitReportReporter -->
<testsuite hostname="Shivu" failures="0" tests="1" name="Vtiger.Organization.TestScripts.CreateOrganizationWithIndustryPOMTest" time="0.006" errors="0" timestamp="2023-01-25T22:17:53 IST" skipped="0">
  <testcase classname="Vtiger.Organization.TestScripts.CreateOrganizationWithIndustryPOMTest" name="test3" time="0.006"/>
  <system-out/>
</testsuite> <!-- Vtiger.Organization.TestScripts.CreateOrganizationWithIndustryPOMTest -->
