<?xml version="1.0" encoding="UTF-8"?>
<!-- Generated by org.testng.reporters.JUnitReportReporter -->
<testsuite hostname="Shivu" failures="0" tests="1" name="Vtiger.Organization.TestScripts.CreateOrganizationWithDDTTest" time="0.049" errors="0" timestamp="2023-01-25T22:18:25 IST" skipped="0">
  <testcase classname="Vtiger.Organization.TestScripts.CreateOrganizationWithDDTTest" name="test1" time="0.049"/>
  <system-out/>
</testsuite> <!-- Vtiger.Organization.TestScripts.CreateOrganizationWithDDTTest -->
